#
# There is insufficient memory for the Java Runtime Environment to continue.
# Native memory allocation (malloc) failed to allocate 32744 bytes for ChunkPool::allocate
# Possible reasons:
#   The system is out of physical RAM or swap space
#   The process is running with CompressedOops enabled, and the Java Heap may be blocking the growth of the native heap
# Possible solutions:
#   Reduce memory load on the system
#   Increase physical memory or swap space
#   Check if swap backing store is full
#   Decrease Java heap size (-Xmx/-Xms)
#   Decrease number of Java threads
#   Decrease Java thread stack sizes (-Xss)
#   Set larger code cache with -XX:ReservedCodeCacheSize=
#   JVM is running with Unscaled Compressed Oops mode in which the Java heap is
#     placed in the first 4GB address space. The Java Heap base address is the
#     maximum limit for the native heap growth. Please use -XX:HeapBaseMinAddress
#     to set the Java Heap base and to place the Java Heap above 4GB virtual address.
# This output file may be truncated or incomplete.
#
#  Out of Memory Error (arena.cpp:78), pid=2728, tid=5568
#
# JRE version: OpenJDK Runtime Environment Temurin-17.0.7+7 (17.0.7+7) (build 17.0.7+7)
# Java VM: OpenJDK 64-Bit Server VM Temurin-17.0.7+7 (17.0.7+7, mixed mode, tiered, compressed oops, compressed class ptrs, g1 gc, windows-amd64)
# No core dump will be written. Minidumps are not enabled by default on client versions of Windows
#

---------------  S U M M A R Y ------------

Command Line: -ea -Dfile.encoding=UTF-8 -XX:+ShowCodeDetailsInExceptionMessages org.testng.remote.RemoteTestNG -serport 4346 -protocol json -d D:\cabtmDashboardAutomation\testSelenium\test-output C:\Users\USER\AppData\Local\Temp\testng-eclipse-1219686528\testng-customsuite.xml

Host: Intel(R) Core(TM) i5-8265U CPU @ 1.60GHz, 8 cores, 7G,  Windows 10 , 64 bit Build 19041 (10.0.19041.3636)
Time: Tue May 21 20:29:32 2024 Nepal Standard Time elapsed time: 1.572125 seconds (0d 0h 0m 1s)

---------------  T H R E A D  ---------------

Current thread (0x0000018d645874a0):  JavaThread "C2 CompilerThread1" daemon [_thread_in_native, id=5568, stack(0x0000003365f00000,0x0000003366000000)]


Current CompileTask:
C2:   1572 1358  s!   4       jdk.internal.loader.URLClassPath::getLoader (194 bytes)

Stack: [0x0000003365f00000,0x0000003366000000]
Native frames: (J=compiled Java code, j=interpreted, Vv=VM code, C=native code)
V  [jvm.dll+0x67754a]
V  [jvm.dll+0x834304]
V  [jvm.dll+0x835aae]
V  [jvm.dll+0x836113]
V  [jvm.dll+0x24696f]
V  [jvm.dll+0xac2cc]
V  [jvm.dll+0xac67c]
V  [jvm.dll+0x36a970]
V  [jvm.dll+0x369ec1]
V  [jvm.dll+0x369f04]
V  [jvm.dll+0x561711]
V  [jvm.dll+0x561ee3]
V  [jvm.dll+0x32f6e0]
V  [jvm.dll+0x32eb5a]
V  [jvm.dll+0x219641]
V  [jvm.dll+0x218a61]
V  [jvm.dll+0x1a4d8d]
V  [jvm.dll+0x2284da]
V  [jvm.dll+0x226615]
V  [jvm.dll+0x7ea90b]
V  [jvm.dll+0x7e4e7a]
V  [jvm.dll+0x676395]
C  [ucrtbase.dll+0x21bb2]
C  [KERNEL32.DLL+0x17344]
C  [ntdll.dll+0x526b1]


---------------  P R O C E S S  ---------------

Threads class SMR info:
_java_thread_list=0x0000018d642df040, length=15, elements={
0x0000018d44fdea20, 0x0000018d5ef651e0, 0x0000018d5ef65d90, 0x0000018d6303a690,
0x0000018d6303b150, 0x0000018d6303dc10, 0x0000018d630405d0, 0x0000018d6304c7c0,
0x0000018d6304d1b0, 0x0000018d6304dba0, 0x0000018d631c7770, 0x0000018d631d4ef0,
0x0000018d63743a20, 0x0000018d645874a0, 0x0000018d642774a0
}

Java Threads: ( => current thread )
  0x0000018d44fdea20 JavaThread "main" [_thread_in_vm, id=8244, stack(0x0000003364500000,0x0000003364600000)]
  0x0000018d5ef651e0 JavaThread "Reference Handler" daemon [_thread_blocked, id=12956, stack(0x0000003364c00000,0x0000003364d00000)]
  0x0000018d5ef65d90 JavaThread "Finalizer" daemon [_thread_blocked, id=11628, stack(0x0000003364d00000,0x0000003364e00000)]
  0x0000018d6303a690 JavaThread "Signal Dispatcher" daemon [_thread_blocked, id=6564, stack(0x0000003364e00000,0x0000003364f00000)]
  0x0000018d6303b150 JavaThread "Attach Listener" daemon [_thread_blocked, id=10924, stack(0x0000003364f00000,0x0000003365000000)]
  0x0000018d6303dc10 JavaThread "Service Thread" daemon [_thread_blocked, id=7284, stack(0x0000003365000000,0x0000003365100000)]
  0x0000018d630405d0 JavaThread "Monitor Deflation Thread" daemon [_thread_blocked, id=9324, stack(0x0000003365100000,0x0000003365200000)]
  0x0000018d6304c7c0 JavaThread "C2 CompilerThread0" daemon [_thread_in_native, id=10572, stack(0x0000003365200000,0x0000003365300000)]
  0x0000018d6304d1b0 JavaThread "C1 CompilerThread0" daemon [_thread_in_vm, id=14552, stack(0x0000003365300000,0x0000003365400000)]
  0x0000018d6304dba0 JavaThread "Sweeper thread" daemon [_thread_blocked, id=3636, stack(0x0000003365400000,0x0000003365500000)]
  0x0000018d631c7770 JavaThread "Notification Thread" daemon [_thread_blocked, id=2684, stack(0x0000003365500000,0x0000003365600000)]
  0x0000018d631d4ef0 JavaThread "Common-Cleaner" daemon [_thread_blocked, id=3540, stack(0x0000003365700000,0x0000003365800000)]
  0x0000018d63743a20 JavaThread "ReaderThread" [_thread_in_native, id=8868, stack(0x0000003365a00000,0x0000003365b00000)]
=>0x0000018d645874a0 JavaThread "C2 CompilerThread1" daemon [_thread_in_native, id=5568, stack(0x0000003365f00000,0x0000003366000000)]
  0x0000018d642774a0 JavaThread "C2 CompilerThread2" daemon [_thread_in_native, id=3720, stack(0x0000003366000000,0x0000003366100000)]

Other Threads:
  0x0000018d5ef62630 VMThread "VM Thread" [stack: 0x0000003364b00000,0x0000003364c00000] [id=13024]
  0x0000018d631c8250 WatcherThread [stack: 0x0000003365600000,0x0000003365700000] [id=3380]
  0x0000018d4503b3c0 GCTaskThread "GC Thread#0" [stack: 0x0000003364600000,0x0000003364700000] [id=4624]
  0x0000018d63ae86b0 GCTaskThread "GC Thread#1" [stack: 0x0000003365800000,0x0000003365900000] [id=6200]
  0x0000018d63ae8960 GCTaskThread "GC Thread#2" [stack: 0x0000003365b00000,0x0000003365c00000] [id=2012]
  0x0000018d63c17140 GCTaskThread "GC Thread#3" [stack: 0x0000003365c00000,0x0000003365d00000] [id=9944]
  0x0000018d6412bcb0 GCTaskThread "GC Thread#4" [stack: 0x0000003365d00000,0x0000003365e00000] [id=5884]
  0x0000018d633fcfd0 GCTaskThread "GC Thread#5" [stack: 0x0000003365e00000,0x0000003365f00000] [id=9884]
  0x0000018d4504c6e0 ConcurrentGCThread "G1 Main Marker" [stack: 0x0000003364700000,0x0000003364800000] [id=7848]
  0x0000018d4504d0f0 ConcurrentGCThread "G1 Conc#0" [stack: 0x0000003364800000,0x0000003364900000] [id=9524]
  0x0000018d4508db80 ConcurrentGCThread "G1 Refine#0" [stack: 0x0000003364900000,0x0000003364a00000] [id=4548]
  0x0000018d4508e440 ConcurrentGCThread "G1 Service" [stack: 0x0000003364a00000,0x0000003364b00000] [id=5228]

Threads with active compile tasks:
C2 CompilerThread0     1697 1607 % !   4       java.util.concurrent.ConcurrentHashMap::transfer @ 96 (849 bytes)
C1 CompilerThread0     1697 1708       3       java.security.Provider$ServiceKey::equals (53 bytes)
C2 CompilerThread1     1697 1358  s!   4       jdk.internal.loader.URLClassPath::getLoader (194 bytes)
C2 CompilerThread2     1697 1667   !   4       jdk.internal.loader.URLClassPath$JarLoader::getResource (65 bytes)

VM state: not at safepoint (normal execution)

VM Mutex/Monitor currently owned by a thread:  ([mutex/lock_event])
[0x0000018d42efa5a0] Metaspace_lock - owner thread: 0x0000018d6304d1b0
[0x0000018d42efb710] MethodData_lock - owner thread: 0x0000018d6304d1b0

Heap address: 0x0000000081e00000, size: 2018 MB, Compressed Oops mode: 32-bit

CDS archive(s) not mapped
Compressed class space mapped at: 0x0000000100000000-0x0000000140000000, reserved size: 1073741824
Narrow klass base: 0x0000000000000000, Narrow klass shift: 3, Narrow klass range: 0x140000000

GC Precious Log:
 CPUs: 8 total, 8 available
 Memory: 8064M
 Large Page Support: Disabled
 NUMA Support: Disabled
 Compressed Oops: Enabled (32-bit)
 Heap Region Size: 1M
 Heap Min Capacity: 8M
 Heap Initial Capacity: 128M
 Heap Max Capacity: 2018M
 Pre-touch: Disabled
 Parallel Workers: 8
 Concurrent Workers: 2
 Concurrent Refinement Workers: 8
 Periodic GC: Disabled

Heap:
 garbage-first heap   total 131072K, used 33303K [0x0000000081e00000, 0x0000000100000000)
  region size 1024K, 26 young (26624K), 3 survivors (3072K)
 Metaspace       used 19790K, committed 20032K, reserved 1114112K
  class space    used 2032K, committed 2176K, reserved 1048576K

Heap Regions: E=young(eden), S=young(survivor), O=old, HS=humongous(starts), HC=humongous(continues), CS=collection set, F=free, OA=open archive, CA=closed archive, TAMS=top-at-mark-start (previous, next)
|   0|0x0000000081e00000, 0x0000000081f00000, 0x0000000081f00000|100%|HS|  |TAMS 0x0000000081e00000, 0x0000000081e00000| Complete 
|   1|0x0000000081f00000, 0x0000000081f00000, 0x0000000082000000|  0%| F|  |TAMS 0x0000000081f00000, 0x0000000081f00000| Untracked 
|   2|0x0000000082000000, 0x0000000082100000, 0x0000000082100000|100%|HS|  |TAMS 0x0000000082000000, 0x0000000082000000| Complete 
|   3|0x0000000082100000, 0x0000000082100000, 0x0000000082200000|  0%| F|  |TAMS 0x0000000082100000, 0x0000000082100000| Untracked 
|   4|0x0000000082200000, 0x0000000082300000, 0x0000000082300000|100%| O|  |TAMS 0x0000000082200000, 0x0000000082200000| Untracked 
|   5|0x0000000082300000, 0x0000000082400000, 0x0000000082400000|100%| O|  |TAMS 0x0000000082300000, 0x0000000082300000| Untracked 
|   6|0x0000000082400000, 0x0000000082500000, 0x0000000082500000|100%| O|  |TAMS 0x0000000082400000, 0x0000000082400000| Untracked 
|   7|0x0000000082500000, 0x0000000082600000, 0x0000000082600000|100%| O|  |TAMS 0x0000000082500000, 0x0000000082500000| Untracked 
|   8|0x0000000082600000, 0x0000000082700000, 0x0000000082700000|100%| O|  |TAMS 0x0000000082600000, 0x0000000082600000| Untracked 
|   9|0x0000000082700000, 0x0000000082800000, 0x0000000082800000|100%| O|  |TAMS 0x0000000082700000, 0x0000000082700000| Untracked 
|  10|0x0000000082800000, 0x0000000082885c00, 0x0000000082900000| 52%| O|  |TAMS 0x0000000082800000, 0x0000000082800000| Untracked 
|  11|0x0000000082900000, 0x0000000082900000, 0x0000000082a00000|  0%| F|  |TAMS 0x0000000082900000, 0x0000000082900000| Untracked 
|  12|0x0000000082a00000, 0x0000000082a00000, 0x0000000082b00000|  0%| F|  |TAMS 0x0000000082a00000, 0x0000000082a00000| Untracked 
|  13|0x0000000082b00000, 0x0000000082b00000, 0x0000000082c00000|  0%| F|  |TAMS 0x0000000082b00000, 0x0000000082b00000| Untracked 
|  14|0x0000000082c00000, 0x0000000082c00000, 0x0000000082d00000|  0%| F|  |TAMS 0x0000000082c00000, 0x0000000082c00000| Untracked 
|  15|0x0000000082d00000, 0x0000000082d00000, 0x0000000082e00000|  0%| F|  |TAMS 0x0000000082d00000, 0x0000000082d00000| Untracked 
|  16|0x0000000082e00000, 0x0000000082e00000, 0x0000000082f00000|  0%| F|  |TAMS 0x0000000082e00000, 0x0000000082e00000| Untracked 
|  17|0x0000000082f00000, 0x0000000082f00000, 0x0000000083000000|  0%| F|  |TAMS 0x0000000082f00000, 0x0000000082f00000| Untracked 
|  18|0x0000000083000000, 0x0000000083000000, 0x0000000083100000|  0%| F|  |TAMS 0x0000000083000000, 0x0000000083000000| Untracked 
|  19|0x0000000083100000, 0x0000000083100000, 0x0000000083200000|  0%| F|  |TAMS 0x0000000083100000, 0x0000000083100000| Untracked 
|  20|0x0000000083200000, 0x0000000083200000, 0x0000000083300000|  0%| F|  |TAMS 0x0000000083200000, 0x0000000083200000| Untracked 
|  21|0x0000000083300000, 0x0000000083300000, 0x0000000083400000|  0%| F|  |TAMS 0x0000000083300000, 0x0000000083300000| Untracked 
|  22|0x0000000083400000, 0x0000000083400000, 0x0000000083500000|  0%| F|  |TAMS 0x0000000083400000, 0x0000000083400000| Untracked 
|  23|0x0000000083500000, 0x0000000083500000, 0x0000000083600000|  0%| F|  |TAMS 0x0000000083500000, 0x0000000083500000| Untracked 
|  24|0x0000000083600000, 0x0000000083600000, 0x0000000083700000|  0%| F|  |TAMS 0x0000000083600000, 0x0000000083600000| Untracked 
|  25|0x0000000083700000, 0x0000000083700000, 0x0000000083800000|  0%| F|  |TAMS 0x0000000083700000, 0x0000000083700000| Untracked 
|  26|0x0000000083800000, 0x0000000083800000, 0x0000000083900000|  0%| F|  |TAMS 0x0000000083800000, 0x0000000083800000| Untracked 
|  27|0x0000000083900000, 0x0000000083900000, 0x0000000083a00000|  0%| F|  |TAMS 0x0000000083900000, 0x0000000083900000| Untracked 
|  28|0x0000000083a00000, 0x0000000083a00000, 0x0000000083b00000|  0%| F|  |TAMS 0x0000000083a00000, 0x0000000083a00000| Untracked 
|  29|0x0000000083b00000, 0x0000000083b00000, 0x0000000083c00000|  0%| F|  |TAMS 0x0000000083b00000, 0x0000000083b00000| Untracked 
|  30|0x0000000083c00000, 0x0000000083c00000, 0x0000000083d00000|  0%| F|  |TAMS 0x0000000083c00000, 0x0000000083c00000| Untracked 
|  31|0x0000000083d00000, 0x0000000083d00000, 0x0000000083e00000|  0%| F|  |TAMS 0x0000000083d00000, 0x0000000083d00000| Untracked 
|  32|0x0000000083e00000, 0x0000000083e00000, 0x0000000083f00000|  0%| F|  |TAMS 0x0000000083e00000, 0x0000000083e00000| Untracked 
|  33|0x0000000083f00000, 0x0000000083f00000, 0x0000000084000000|  0%| F|  |TAMS 0x0000000083f00000, 0x0000000083f00000| Untracked 
|  34|0x0000000084000000, 0x0000000084000000, 0x0000000084100000|  0%| F|  |TAMS 0x0000000084000000, 0x0000000084000000| Untracked 
|  35|0x0000000084100000, 0x0000000084100000, 0x0000000084200000|  0%| F|  |TAMS 0x0000000084100000, 0x0000000084100000| Untracked 
|  36|0x0000000084200000, 0x0000000084200000, 0x0000000084300000|  0%| F|  |TAMS 0x0000000084200000, 0x0000000084200000| Untracked 
|  37|0x0000000084300000, 0x0000000084300000, 0x0000000084400000|  0%| F|  |TAMS 0x0000000084300000, 0x0000000084300000| Untracked 
|  38|0x0000000084400000, 0x0000000084400000, 0x0000000084500000|  0%| F|  |TAMS 0x0000000084400000, 0x0000000084400000| Untracked 
|  39|0x0000000084500000, 0x0000000084500000, 0x0000000084600000|  0%| F|  |TAMS 0x0000000084500000, 0x0000000084500000| Untracked 
|  40|0x0000000084600000, 0x0000000084600000, 0x0000000084700000|  0%| F|  |TAMS 0x0000000084600000, 0x0000000084600000| Untracked 
|  41|0x0000000084700000, 0x0000000084700000, 0x0000000084800000|  0%| F|  |TAMS 0x0000000084700000, 0x0000000084700000| Untracked 
|  42|0x0000000084800000, 0x0000000084800000, 0x0000000084900000|  0%| F|  |TAMS 0x0000000084800000, 0x0000000084800000| Untracked 
|  43|0x0000000084900000, 0x0000000084900000, 0x0000000084a00000|  0%| F|  |TAMS 0x0000000084900000, 0x0000000084900000| Untracked 
|  44|0x0000000084a00000, 0x0000000084a00000, 0x0000000084b00000|  0%| F|  |TAMS 0x0000000084a00000, 0x0000000084a00000| Untracked 
|  45|0x0000000084b00000, 0x0000000084b00000, 0x0000000084c00000|  0%| F|  |TAMS 0x0000000084b00000, 0x0000000084b00000| Untracked 
|  46|0x0000000084c00000, 0x0000000084c00000, 0x0000000084d00000|  0%| F|  |TAMS 0x0000000084c00000, 0x0000000084c00000| Untracked 
|  47|0x0000000084d00000, 0x0000000084d00000, 0x0000000084e00000|  0%| F|  |TAMS 0x0000000084d00000, 0x0000000084d00000| Untracked 
|  48|0x0000000084e00000, 0x0000000084e00000, 0x0000000084f00000|  0%| F|  |TAMS 0x0000000084e00000, 0x0000000084e00000| Untracked 
|  49|0x0000000084f00000, 0x0000000084f00000, 0x0000000085000000|  0%| F|  |TAMS 0x0000000084f00000, 0x0000000084f00000| Untracked 
|  50|0x0000000085000000, 0x0000000085000000, 0x0000000085100000|  0%| F|  |TAMS 0x0000000085000000, 0x0000000085000000| Untracked 
|  51|0x0000000085100000, 0x0000000085100000, 0x0000000085200000|  0%| F|  |TAMS 0x0000000085100000, 0x0000000085100000| Untracked 
|  52|0x0000000085200000, 0x0000000085200000, 0x0000000085300000|  0%| F|  |TAMS 0x0000000085200000, 0x0000000085200000| Untracked 
|  53|0x0000000085300000, 0x0000000085300000, 0x0000000085400000|  0%| F|  |TAMS 0x0000000085300000, 0x0000000085300000| Untracked 
|  54|0x0000000085400000, 0x0000000085400000, 0x0000000085500000|  0%| F|  |TAMS 0x0000000085400000, 0x0000000085400000| Untracked 
|  55|0x0000000085500000, 0x0000000085500000, 0x0000000085600000|  0%| F|  |TAMS 0x0000000085500000, 0x0000000085500000| Untracked 
|  56|0x0000000085600000, 0x0000000085600000, 0x0000000085700000|  0%| F|  |TAMS 0x0000000085600000, 0x0000000085600000| Untracked 
|  57|0x0000000085700000, 0x0000000085700000, 0x0000000085800000|  0%| F|  |TAMS 0x0000000085700000, 0x0000000085700000| Untracked 
|  58|0x0000000085800000, 0x0000000085800000, 0x0000000085900000|  0%| F|  |TAMS 0x0000000085800000, 0x0000000085800000| Untracked 
|  59|0x0000000085900000, 0x0000000085900000, 0x0000000085a00000|  0%| F|  |TAMS 0x0000000085900000, 0x0000000085900000| Untracked 
|  60|0x0000000085a00000, 0x0000000085a00000, 0x0000000085b00000|  0%| F|  |TAMS 0x0000000085a00000, 0x0000000085a00000| Untracked 
|  61|0x0000000085b00000, 0x0000000085b00000, 0x0000000085c00000|  0%| F|  |TAMS 0x0000000085b00000, 0x0000000085b00000| Untracked 
|  62|0x0000000085c00000, 0x0000000085c00000, 0x0000000085d00000|  0%| F|  |TAMS 0x0000000085c00000, 0x0000000085c00000| Untracked 
|  63|0x0000000085d00000, 0x0000000085d00000, 0x0000000085e00000|  0%| F|  |TAMS 0x0000000085d00000, 0x0000000085d00000| Untracked 
|  64|0x0000000085e00000, 0x0000000085e00000, 0x0000000085f00000|  0%| F|  |TAMS 0x0000000085e00000, 0x0000000085e00000| Untracked 
|  65|0x0000000085f00000, 0x0000000085f00000, 0x0000000086000000|  0%| F|  |TAMS 0x0000000085f00000, 0x0000000085f00000| Untracked 
|  66|0x0000000086000000, 0x0000000086000000, 0x0000000086100000|  0%| F|  |TAMS 0x0000000086000000, 0x0000000086000000| Untracked 
|  67|0x0000000086100000, 0x0000000086100000, 0x0000000086200000|  0%| F|  |TAMS 0x0000000086100000, 0x0000000086100000| Untracked 
|  68|0x0000000086200000, 0x0000000086200000, 0x0000000086300000|  0%| F|  |TAMS 0x0000000086200000, 0x0000000086200000| Untracked 
|  69|0x0000000086300000, 0x0000000086300000, 0x0000000086400000|  0%| F|  |TAMS 0x0000000086300000, 0x0000000086300000| Untracked 
|  70|0x0000000086400000, 0x0000000086400000, 0x0000000086500000|  0%| F|  |TAMS 0x0000000086400000, 0x0000000086400000| Untracked 
|  71|0x0000000086500000, 0x0000000086500000, 0x0000000086600000|  0%| F|  |TAMS 0x0000000086500000, 0x0000000086500000| Untracked 
|  72|0x0000000086600000, 0x0000000086600000, 0x0000000086700000|  0%| F|  |TAMS 0x0000000086600000, 0x0000000086600000| Untracked 
|  73|0x0000000086700000, 0x0000000086700000, 0x0000000086800000|  0%| F|  |TAMS 0x0000000086700000, 0x0000000086700000| Untracked 
|  74|0x0000000086800000, 0x0000000086800000, 0x0000000086900000|  0%| F|  |TAMS 0x0000000086800000, 0x0000000086800000| Untracked 
|  75|0x0000000086900000, 0x0000000086900000, 0x0000000086a00000|  0%| F|  |TAMS 0x0000000086900000, 0x0000000086900000| Untracked 
|  76|0x0000000086a00000, 0x0000000086a00000, 0x0000000086b00000|  0%| F|  |TAMS 0x0000000086a00000, 0x0000000086a00000| Untracked 
|  77|0x0000000086b00000, 0x0000000086b00000, 0x0000000086c00000|  0%| F|  |TAMS 0x0000000086b00000, 0x0000000086b00000| Untracked 
|  78|0x0000000086c00000, 0x0000000086c00000, 0x0000000086d00000|  0%| F|  |TAMS 0x0000000086c00000, 0x0000000086c00000| Untracked 
|  79|0x0000000086d00000, 0x0000000086d00000, 0x0000000086e00000|  0%| F|  |TAMS 0x0000000086d00000, 0x0000000086d00000| Untracked 
|  80|0x0000000086e00000, 0x0000000086e00000, 0x0000000086f00000|  0%| F|  |TAMS 0x0000000086e00000, 0x0000000086e00000| Untracked 
|  81|0x0000000086f00000, 0x0000000086f00000, 0x0000000087000000|  0%| F|  |TAMS 0x0000000086f00000, 0x0000000086f00000| Untracked 
|  82|0x0000000087000000, 0x0000000087000000, 0x0000000087100000|  0%| F|  |TAMS 0x0000000087000000, 0x0000000087000000| Untracked 
|  83|0x0000000087100000, 0x0000000087100000, 0x0000000087200000|  0%| F|  |TAMS 0x0000000087100000, 0x0000000087100000| Untracked 
|  84|0x0000000087200000, 0x0000000087200000, 0x0000000087300000|  0%| F|  |TAMS 0x0000000087200000, 0x0000000087200000| Untracked 
|  85|0x0000000087300000, 0x0000000087300000, 0x0000000087400000|  0%| F|  |TAMS 0x0000000087300000, 0x0000000087300000| Untracked 
|  86|0x0000000087400000, 0x0000000087400000, 0x0000000087500000|  0%| F|  |TAMS 0x0000000087400000, 0x0000000087400000| Untracked 
|  87|0x0000000087500000, 0x0000000087500000, 0x0000000087600000|  0%| F|  |TAMS 0x0000000087500000, 0x0000000087500000| Untracked 
|  88|0x0000000087600000, 0x0000000087600000, 0x0000000087700000|  0%| F|  |TAMS 0x0000000087600000, 0x0000000087600000| Untracked 
|  89|0x0000000087700000, 0x0000000087700000, 0x0000000087800000|  0%| F|  |TAMS 0x0000000087700000, 0x0000000087700000| Untracked 
|  90|0x0000000087800000, 0x0000000087800000, 0x0000000087900000|  0%| F|  |TAMS 0x0000000087800000, 0x0000000087800000| Untracked 
|  91|0x0000000087900000, 0x0000000087900000, 0x0000000087a00000|  0%| F|  |TAMS 0x0000000087900000, 0x0000000087900000| Untracked 
|  92|0x0000000087a00000, 0x0000000087a00000, 0x0000000087b00000|  0%| F|  |TAMS 0x0000000087a00000, 0x0000000087a00000| Untracked 
|  93|0x0000000087b00000, 0x0000000087b00000, 0x0000000087c00000|  0%| F|  |TAMS 0x0000000087b00000, 0x0000000087b00000| Untracked 
|  94|0x0000000087c00000, 0x0000000087c00000, 0x0000000087d00000|  0%| F|  |TAMS 0x0000000087c00000, 0x0000000087c00000| Untracked 
|  95|0x0000000087d00000, 0x0000000087d00000, 0x0000000087e00000|  0%| F|  |TAMS 0x0000000087d00000, 0x0000000087d00000| Untracked 
|  96|0x0000000087e00000, 0x0000000087e00000, 0x0000000087f00000|  0%| F|  |TAMS 0x0000000087e00000, 0x0000000087e00000| Untracked 
|  97|0x0000000087f00000, 0x0000000087f00000, 0x0000000088000000|  0%| F|  |TAMS 0x0000000087f00000, 0x0000000087f00000| Untracked 
|  98|0x0000000088000000, 0x0000000088000000, 0x0000000088100000|  0%| F|  |TAMS 0x0000000088000000, 0x0000000088000000| Untracked 
|  99|0x0000000088100000, 0x0000000088100000, 0x0000000088200000|  0%| F|  |TAMS 0x0000000088100000, 0x0000000088100000| Untracked 
| 100|0x0000000088200000, 0x0000000088200000, 0x0000000088300000|  0%| F|  |TAMS 0x0000000088200000, 0x0000000088200000| Untracked 
| 101|0x0000000088300000, 0x0000000088300000, 0x0000000088400000|  0%| F|  |TAMS 0x0000000088300000, 0x0000000088300000| Untracked 
| 102|0x0000000088400000, 0x0000000088500000, 0x0000000088500000|100%| S|CS|TAMS 0x0000000088400000, 0x0000000088400000| Complete 
| 103|0x0000000088500000, 0x0000000088600000, 0x0000000088600000|100%| S|CS|TAMS 0x0000000088500000, 0x0000000088500000| Complete 
| 104|0x0000000088600000, 0x0000000088700000, 0x0000000088700000|100%| S|CS|TAMS 0x0000000088600000, 0x0000000088600000| Complete 
| 105|0x0000000088700000, 0x00000000887764f0, 0x0000000088800000| 46%| E|  |TAMS 0x0000000088700000, 0x0000000088700000| Complete 
| 106|0x0000000088800000, 0x0000000088900000, 0x0000000088900000|100%| E|CS|TAMS 0x0000000088800000, 0x0000000088800000| Complete 
| 107|0x0000000088900000, 0x0000000088a00000, 0x0000000088a00000|100%| E|CS|TAMS 0x0000000088900000, 0x0000000088900000| Complete 
| 108|0x0000000088a00000, 0x0000000088b00000, 0x0000000088b00000|100%| E|CS|TAMS 0x0000000088a00000, 0x0000000088a00000| Complete 
| 109|0x0000000088b00000, 0x0000000088c00000, 0x0000000088c00000|100%| E|CS|TAMS 0x0000000088b00000, 0x0000000088b00000| Complete 
| 110|0x0000000088c00000, 0x0000000088d00000, 0x0000000088d00000|100%| E|CS|TAMS 0x0000000088c00000, 0x0000000088c00000| Complete 
| 111|0x0000000088d00000, 0x0000000088e00000, 0x0000000088e00000|100%| E|CS|TAMS 0x0000000088d00000, 0x0000000088d00000| Complete 
| 112|0x0000000088e00000, 0x0000000088f00000, 0x0000000088f00000|100%| E|CS|TAMS 0x0000000088e00000, 0x0000000088e00000| Complete 
| 113|0x0000000088f00000, 0x0000000089000000, 0x0000000089000000|100%| E|  |TAMS 0x0000000088f00000, 0x0000000088f00000| Complete 
| 114|0x0000000089000000, 0x0000000089100000, 0x0000000089100000|100%| E|CS|TAMS 0x0000000089000000, 0x0000000089000000| Complete 
| 115|0x0000000089100000, 0x0000000089200000, 0x0000000089200000|100%| E|CS|TAMS 0x0000000089100000, 0x0000000089100000| Complete 
| 116|0x0000000089200000, 0x0000000089300000, 0x0000000089300000|100%| E|CS|TAMS 0x0000000089200000, 0x0000000089200000| Complete 
| 117|0x0000000089300000, 0x0000000089400000, 0x0000000089400000|100%| E|CS|TAMS 0x0000000089300000, 0x0000000089300000| Complete 
| 118|0x0000000089400000, 0x0000000089500000, 0x0000000089500000|100%| E|CS|TAMS 0x0000000089400000, 0x0000000089400000| Complete 
| 119|0x0000000089500000, 0x0000000089600000, 0x0000000089600000|100%| E|CS|TAMS 0x0000000089500000, 0x0000000089500000| Complete 
| 120|0x0000000089600000, 0x0000000089700000, 0x0000000089700000|100%| E|CS|TAMS 0x0000000089600000, 0x0000000089600000| Complete 
| 121|0x0000000089700000, 0x0000000089800000, 0x0000000089800000|100%| E|CS|TAMS 0x0000000089700000, 0x0000000089700000| Complete 
| 122|0x0000000089800000, 0x0000000089900000, 0x0000000089900000|100%| E|CS|TAMS 0x0000000089800000, 0x0000000089800000| Complete 
| 123|0x0000000089900000, 0x0000000089a00000, 0x0000000089a00000|100%| E|CS|TAMS 0x0000000089900000, 0x0000000089900000| Complete 
| 124|0x0000000089a00000, 0x0000000089b00000, 0x0000000089b00000|100%| E|CS|TAMS 0x0000000089a00000, 0x0000000089a00000| Complete 
| 125|0x0000000089b00000, 0x0000000089c00000, 0x0000000089c00000|100%| E|CS|TAMS 0x0000000089b00000, 0x0000000089b00000| Complete 
| 126|0x0000000089c00000, 0x0000000089d00000, 0x0000000089d00000|100%| E|CS|TAMS 0x0000000089c00000, 0x0000000089c00000| Complete 
| 127|0x0000000089d00000, 0x0000000089e00000, 0x0000000089e00000|100%| E|CS|TAMS 0x0000000089d00000, 0x0000000089d00000| Complete 

Card table byte_map: [0x0000018d57dc0000,0x0000018d581c0000] _byte_map_base: 0x0000018d579b1000

Marking Bits (Prev, Next): (CMBitMap*) 0x0000018d4503b9d0, (CMBitMap*) 0x0000018d4503ba10
 Prev Bits: [0x0000018d585c0000, 0x0000018d5a548000)
 Next Bits: [0x0000018d5a550000, 0x0000018d5c4d8000)

Polling page: 0x0000018d44790000

Metaspace:

Usage:
  Non-class:     17.34 MB used.
      Class:      1.98 MB used.
       Both:     19.33 MB used.

Virtual space:
  Non-class space:       64.00 MB reserved,      17.44 MB ( 27%) committed,  1 nodes.
      Class space:        1.00 GB reserved,       2.12 MB ( <1%) committed,  1 nodes.
             Both:        1.06 GB reserved,      19.56 MB (  2%) committed. 

Chunk freelists:
   Non-Class:  14.39 MB
       Class:  13.91 MB
        Both:  28.30 MB

MaxMetaspaceSize: unlimited
CompressedClassSpaceSize: 1.00 GB
Initial GC threshold: 21.00 MB
Current GC threshold: 21.00 MB
CDS: off
MetaspaceReclaimPolicy: balanced
 - commit_granule_bytes: 65536.
 - commit_granule_words: 8192.
 - virtual_space_node_default_size: 8388608.
 - enlarge_chunks_in_place: 1.
 - new_chunks_are_fully_committed: 0.
 - uncommit_free_chunks: 1.
 - use_allocation_guard: 0.
 - handle_deallocations: 1.


Internal statistics:

num_allocs_failed_limit: 0.
num_arena_births: 256.
num_arena_deaths: 0.
num_vsnodes_births: 2.
num_vsnodes_deaths: 0.
num_space_committed: 313.
num_space_uncommitted: 0.
num_chunks_returned_to_freelist: 0.
num_chunks_taken_from_freelist: 554.
num_chunk_merges: 0.
num_chunk_splits: 336.
num_chunks_enlarged: 213.
num_inconsistent_stats: 0.

CodeHeap 'non-profiled nmethods': size=120000Kb used=591Kb max_used=591Kb free=119408Kb
 bounds [0x0000018d50150000, 0x0000018d503c0000, 0x0000018d57680000]
CodeHeap 'profiled nmethods': size=120000Kb used=3221Kb max_used=3221Kb free=116778Kb
 bounds [0x0000018d48680000, 0x0000018d489b0000, 0x0000018d4fbb0000]
CodeHeap 'non-nmethods': size=5760Kb used=1191Kb max_used=1234Kb free=4569Kb
 bounds [0x0000018d4fbb0000, 0x0000018d4fe20000, 0x0000018d50150000]
 total_blobs=2180 nmethods=1689 adapters=404
 compilation: enabled
              stopped_count=0, restarted_count=0
 full_count=0

Compilation events (20 events):
Event: 1.519 Thread 0x0000018d6304d1b0 1669       3       java.security.CodeSource::matchCerts (254 bytes)
Event: 1.521 Thread 0x0000018d6304d1b0 nmethod 1669 0x0000018d48984c10 code [0x0000018d48984e80, 0x0000018d48985a98]
Event: 1.526 Thread 0x0000018d642774a0 nmethod 1609 0x0000018d501dc290 code [0x0000018d501dc480, 0x0000018d501dcf50]
Event: 1.526 Thread 0x0000018d642774a0 1626       4       java.util.ArrayList::get (15 bytes)
Event: 1.527 Thread 0x0000018d642774a0 nmethod 1626 0x0000018d501dd510 code [0x0000018d501dd680, 0x0000018d501dd778]
Event: 1.527 Thread 0x0000018d642774a0 1667   !   4       jdk.internal.loader.URLClassPath$JarLoader::getResource (65 bytes)
Event: 1.529 Thread 0x0000018d6304d1b0 1670       3       java.util.zip.CRC32::update (51 bytes)
Event: 1.530 Thread 0x0000018d6304d1b0 nmethod 1670 0x0000018d48985e90 code [0x0000018d48986080, 0x0000018d48986508]
Event: 1.546 Thread 0x0000018d6304d1b0 1671       3       jdk.internal.loader.BuiltinClassLoader::isSealed (71 bytes)
Event: 1.548 Thread 0x0000018d6304d1b0 nmethod 1671 0x0000018d48986710 code [0x0000018d48986b40, 0x0000018d48988778]
Event: 1.561 Thread 0x0000018d6304d1b0 1672       3       sun.nio.fs.WindowsPathParser::parse (384 bytes)
Event: 1.563 Thread 0x0000018d6304c7c0 nmethod 1594 0x0000018d501dd890 code [0x0000018d501ddce0, 0x0000018d501e0d48]
Event: 1.563 Thread 0x0000018d6304c7c0 1642       4       java.lang.StringLatin1::getChar (9 bytes)
Event: 1.563 Thread 0x0000018d6304c7c0 nmethod 1642 0x0000018d501e3190 code [0x0000018d501e3300, 0x0000018d501e3398]
Event: 1.563 Thread 0x0000018d6304c7c0 1638   !   4       java.util.zip.Inflater::finished (19 bytes)
Event: 1.564 Thread 0x0000018d6304c7c0 nmethod 1638 0x0000018d501e3490 code [0x0000018d501e3600, 0x0000018d501e37d8]
Event: 1.564 Thread 0x0000018d6304c7c0 1607 % !   4       java.util.concurrent.ConcurrentHashMap::transfer @ 96 (849 bytes)
Event: 1.565 Thread 0x0000018d6304d1b0 nmethod 1672 0x0000018d48989290 code [0x0000018d489899a0, 0x0000018d4898d728]
Event: 1.565 Thread 0x0000018d6304d1b0 1673       3       sun.nio.fs.WindowsPathParser::isLetter (30 bytes)
Event: 1.565 Thread 0x0000018d6304d1b0 nmethod 1673 0x0000018d4898ed90 code [0x0000018d4898ef20, 0x0000018d4898f118]

GC Heap History (2 events):
Event: 0.939 GC heap before
{Heap before GC invocations=0 (full 0):
 garbage-first heap   total 131072K, used 26624K [0x0000000081e00000, 0x0000000100000000)
  region size 1024K, 23 young (23552K), 0 survivors (0K)
 Metaspace       used 13257K, committed 13504K, reserved 1114112K
  class space    used 1279K, committed 1408K, reserved 1048576K
}
Event: 0.945 GC heap after
{Heap after GC invocations=1 (full 0):
 garbage-first heap   total 131072K, used 11799K [0x0000000081e00000, 0x0000000100000000)
  region size 1024K, 3 young (3072K), 3 survivors (3072K)
 Metaspace       used 13257K, committed 13504K, reserved 1114112K
  class space    used 1279K, committed 1408K, reserved 1048576K
}

Dll operation events (6 events):
Event: 0.006 Loaded shared library D:\eclipse-jee-2023-06-R-win32-x86_64\eclipse\plugins\org.eclipse.justj.openjdk.hotspot.jre.full.win32.x86_64_17.0.7.v20230425-1502\jre\bin\java.dll
Event: 0.175 Loaded shared library D:\eclipse-jee-2023-06-R-win32-x86_64\eclipse\plugins\org.eclipse.justj.openjdk.hotspot.jre.full.win32.x86_64_17.0.7.v20230425-1502\jre\bin\net.dll
Event: 0.177 Loaded shared library D:\eclipse-jee-2023-06-R-win32-x86_64\eclipse\plugins\org.eclipse.justj.openjdk.hotspot.jre.full.win32.x86_64_17.0.7.v20230425-1502\jre\bin\nio.dll
Event: 0.186 Loaded shared library D:\eclipse-jee-2023-06-R-win32-x86_64\eclipse\plugins\org.eclipse.justj.openjdk.hotspot.jre.full.win32.x86_64_17.0.7.v20230425-1502\jre\bin\zip.dll
Event: 0.312 Loaded shared library D:\eclipse-jee-2023-06-R-win32-x86_64\eclipse\plugins\org.eclipse.justj.openjdk.hotspot.jre.full.win32.x86_64_17.0.7.v20230425-1502\jre\bin\jimage.dll
Event: 1.344 Loaded shared library D:\eclipse-jee-2023-06-R-win32-x86_64\eclipse\plugins\org.eclipse.justj.openjdk.hotspot.jre.full.win32.x86_64_17.0.7.v20230425-1502\jre\bin\sunmscapi.dll

Deoptimization events (20 events):
Event: 0.682 Thread 0x0000018d44fdea20 Uncommon trap: trap_request=0xffffff45 fr.pc=0x0000018d5017cac0 relative=0x0000000000001660
Event: 0.682 Thread 0x0000018d44fdea20 Uncommon trap: reason=unstable_if action=reinterpret pc=0x0000018d5017cac0 method=java.io.WinNTFileSystem.normalize(Ljava/lang/String;)Ljava/lang/String; @ 40 c2
Event: 0.682 Thread 0x0000018d44fdea20 DEOPT PACKING pc=0x0000018d5017cac0 sp=0x00000033645fdf10
Event: 0.682 Thread 0x0000018d44fdea20 DEOPT UNPACKING pc=0x0000018d4fc069a3 sp=0x00000033645fdef8 mode 2
Event: 0.850 Thread 0x0000018d44fdea20 Uncommon trap: trap_request=0xffffff45 fr.pc=0x0000018d50197d74 relative=0x0000000000000074
Event: 0.850 Thread 0x0000018d44fdea20 Uncommon trap: reason=unstable_if action=reinterpret pc=0x0000018d50197d74 method=jdk.internal.misc.Unsafe.convEndian(ZI)I @ 4 c2
Event: 0.850 Thread 0x0000018d44fdea20 DEOPT PACKING pc=0x0000018d50197d74 sp=0x00000033645fd1d0
Event: 0.850 Thread 0x0000018d44fdea20 DEOPT UNPACKING pc=0x0000018d4fc069a3 sp=0x00000033645fd100 mode 2
Event: 0.850 Thread 0x0000018d44fdea20 Uncommon trap: trap_request=0xffffff45 fr.pc=0x0000018d50199238 relative=0x0000000000000038
Event: 0.850 Thread 0x0000018d44fdea20 Uncommon trap: reason=unstable_if action=reinterpret pc=0x0000018d50199238 method=jdk.internal.misc.Unsafe.convEndian(ZI)I @ 4 c2
Event: 0.850 Thread 0x0000018d44fdea20 DEOPT PACKING pc=0x0000018d50199238 sp=0x00000033645fd160
Event: 0.850 Thread 0x0000018d44fdea20 DEOPT UNPACKING pc=0x0000018d4fc069a3 sp=0x00000033645fd0f8 mode 2
Event: 1.104 Thread 0x0000018d44fdea20 Uncommon trap: trap_request=0xffffff45 fr.pc=0x0000018d50198ab0 relative=0x0000000000000270
Event: 1.104 Thread 0x0000018d44fdea20 Uncommon trap: reason=unstable_if action=reinterpret pc=0x0000018d50198ab0 method=java.lang.invoke.VarHandle.checkExactAccessMode(Ljava/lang/invoke/VarHandle$AccessDescriptor;)V @ 4 c2
Event: 1.104 Thread 0x0000018d44fdea20 DEOPT PACKING pc=0x0000018d50198ab0 sp=0x00000033645fe130
Event: 1.104 Thread 0x0000018d44fdea20 DEOPT UNPACKING pc=0x0000018d4fc069a3 sp=0x00000033645fe0a0 mode 2
Event: 1.283 Thread 0x0000018d44fdea20 Uncommon trap: trap_request=0xffffff45 fr.pc=0x0000018d5016e040 relative=0x0000000000000040
Event: 1.283 Thread 0x0000018d44fdea20 Uncommon trap: reason=unstable_if action=reinterpret pc=0x0000018d5016e040 method=sun.nio.fs.WindowsPathParser.isSlash(C)Z @ 9 c2
Event: 1.283 Thread 0x0000018d44fdea20 DEOPT PACKING pc=0x0000018d5016e040 sp=0x00000033645fd1a0
Event: 1.283 Thread 0x0000018d44fdea20 DEOPT UNPACKING pc=0x0000018d4fc069a3 sp=0x00000033645fd128 mode 2

Classes unloaded (0 events):
No events

Classes redefined (0 events):
No events

Internal exceptions (20 events):
Event: 1.008 Thread 0x0000018d44fdea20 Exception <a 'java/lang/NoSuchMethodError'{0x0000000089b05028}: 'java.lang.Object java.lang.invoke.DirectMethodHandle$Holder.newInvokeSpecial(java.lang.Object, java.lang.Object, java.lang.Object, java.lang.Object, java.lang.Object, java.lang.Object, java.lang.Object, java.lang.Object, java.lang.Object)'> (0x0000000089b05028) 
thrown [s\src\hotspot\share\interpreter\linkResolver.cpp, line 759]
Event: 1.009 Thread 0x0000018d44fdea20 Exception <a 'java/lang/NoSuchMethodError'{0x0000000089b0a378}: 'java.lang.Object java.lang.invoke.Invokers$Holder.linkToTargetMethod(java.lang.Object, java.lang.Object, java.lang.Object, java.lang.Object, java.lang.Object, java.lang.Object, java.lang.Object, java.lang.Object, java.lang.Object)'> (0x0000000089b0a378) 
thrown [s\src\hotspot\share\interpreter\linkResolver.cpp, line 759]
Event: 1.018 Thread 0x0000018d44fdea20 Exception <a 'java/lang/NoSuchMethodError'{0x0000000089b4eab8}: 'java.lang.Object java.lang.invoke.DirectMethodHandle$Holder.newInvokeSpecial(java.lang.Object, java.lang.Object, java.lang.Object, java.lang.Object, java.lang.Object, java.lang.Object, java.lang.Object)'> (0x0000000089b4eab8) 
thrown [s\src\hotspot\share\interpreter\linkResolver.cpp, line 759]
Event: 1.018 Thread 0x0000018d44fdea20 Exception <a 'java/lang/NoSuchMethodError'{0x0000000089b53720}: 'java.lang.Object java.lang.invoke.Invokers$Holder.linkToTargetMethod(java.lang.Object, java.lang.Object, java.lang.Object, java.lang.Object, java.lang.Object, java.lang.Object, java.lang.Object)'> (0x0000000089b53720) 
thrown [s\src\hotspot\share\interpreter\linkResolver.cpp, line 759]
Event: 1.026 Thread 0x0000018d44fdea20 Exception <a 'java/lang/NoSuchMethodError'{0x0000000089ba7680}: 'java.lang.Object java.lang.invoke.DirectMethodHandle$Holder.newInvokeSpecial(java.lang.Object, java.lang.Object, java.lang.Object, java.lang.Object, java.lang.Object)'> (0x0000000089ba7680) 
thrown [s\src\hotspot\share\interpreter\linkResolver.cpp, line 759]
Event: 1.035 Thread 0x0000018d44fdea20 Exception <a 'java/lang/IncompatibleClassChangeError'{0x0000000089a16548}: Found class java.lang.Object, but interface was expected> (0x0000000089a16548) 
thrown [s\src\hotspot\share\interpreter\linkResolver.cpp, line 826]
Event: 1.062 Thread 0x0000018d44fdea20 Exception <a 'java/lang/NoSuchMethodError'{0x0000000089a89238}: 'java.lang.Object java.lang.invoke.Invokers$Holder.linkToTargetMethod(java.lang.Object, long, java.lang.Object)'> (0x0000000089a89238) 
thrown [s\src\hotspot\share\interpreter\linkResolver.cpp, line 759]
Event: 1.072 Thread 0x0000018d44fdea20 Exception <a 'java/lang/NoSuchMethodError'{0x0000000089ae8898}: 'java.lang.Object java.lang.invoke.DirectMethodHandle$Holder.invokeStatic(java.lang.Object, java.lang.Object, java.lang.Object, int, java.lang.Object, java.lang.Object)'> (0x0000000089ae8898) 
thrown [s\src\hotspot\share\interpreter\linkResolver.cpp, line 759]
Event: 1.072 Thread 0x0000018d44fdea20 Exception <a 'java/lang/NoSuchMethodError'{0x0000000089af0be0}: 'java.lang.Object java.lang.invoke.DirectMethodHandle$Holder.newInvokeSpecial(java.lang.Object, java.lang.Object, java.lang.Object, int, java.lang.Object)'> (0x0000000089af0be0) 
thrown [s\src\hotspot\share\interpreter\linkResolver.cpp, line 759]
Event: 1.073 Thread 0x0000018d44fdea20 Exception <a 'java/lang/NoSuchMethodError'{0x0000000089af85b0}: 'java.lang.Object java.lang.invoke.Invokers$Holder.linkToTargetMethod(java.lang.Object, java.lang.Object, int, java.lang.Object, java.lang.Object)'> (0x0000000089af85b0) 
thrown [s\src\hotspot\share\interpreter\linkResolver.cpp, line 759]
Event: 1.115 Thread 0x0000018d44fdea20 Exception <a 'java/lang/NoSuchMethodError'{0x000000008993ed10}: 'int java.lang.invoke.DirectMethodHandle$Holder.invokeSpecial(java.lang.Object, java.lang.Object, java.lang.Object)'> (0x000000008993ed10) 
thrown [s\src\hotspot\share\interpreter\linkResolver.cpp, line 759]
Event: 1.117 Thread 0x0000018d44fdea20 Exception <a 'java/lang/NoSuchMethodError'{0x000000008994df08}: 'java.lang.Object java.lang.invoke.DirectMethodHandle$Holder.newInvokeSpecial(java.lang.Object, int, java.lang.Object)'> (0x000000008994df08) 
thrown [s\src\hotspot\share\interpreter\linkResolver.cpp, line 759]
Event: 1.139 Thread 0x0000018d44fdea20 Exception <a 'java/lang/NoSuchMethodError'{0x00000000899b6b98}: 'void java.lang.invoke.DirectMethodHandle$Holder.invokeStatic(java.lang.Object, java.lang.Object, java.lang.Object)'> (0x00000000899b6b98) 
thrown [s\src\hotspot\share\interpreter\linkResolver.cpp, line 759]
Event: 1.224 Thread 0x0000018d44fdea20 Exception <a 'java/lang/NoSuchMethodError'{0x0000000089734210}: 'void java.lang.invoke.DirectMethodHandle$Holder.invokeInterface(java.lang.Object, java.lang.Object)'> (0x0000000089734210) 
thrown [s\src\hotspot\share\interpreter\linkResolver.cpp, line 759]
Event: 1.243 Thread 0x0000018d44fdea20 Exception <a 'java/lang/IncompatibleClassChangeError'{0x00000000897fe7a0}: Found class java.lang.Object, but interface was expected> (0x00000000897fe7a0) 
thrown [s\src\hotspot\share\interpreter\linkResolver.cpp, line 826]
Event: 1.244 Thread 0x0000018d44fdea20 Exception <a 'java/lang/NoSuchMethodError'{0x0000000089601d90}: 'int java.lang.invoke.DirectMethodHandle$Holder.invokeSpecial(java.lang.Object, java.lang.Object, java.lang.Object, java.lang.Object, java.lang.Object)'> (0x0000000089601d90) 
thrown [s\src\hotspot\share\interpreter\linkResolver.cpp, line 759]
Event: 1.312 Thread 0x0000018d44fdea20 Exception <a 'java/lang/NoSuchMethodError'{0x00000000894205c8}: 'int java.lang.invoke.DirectMethodHandle$Holder.invokeStatic(java.lang.Object, java.lang.Object, int)'> (0x00000000894205c8) 
thrown [s\src\hotspot\share\interpreter\linkResolver.cpp, line 759]
Event: 1.458 Thread 0x0000018d44fdea20 Exception <a 'sun/nio/fs/WindowsException'{0x0000000088d6a7d8}> (0x0000000088d6a7d8) 
thrown [s\src\hotspot\share\prims\jni.cpp, line 516]
Event: 1.471 Thread 0x0000018d44fdea20 Exception <a 'java/lang/NoSuchMethodError'{0x0000000088d90f68}: 'int java.lang.invoke.DirectMethodHandle$Holder.invokeStaticInit(java.lang.Object, java.lang.Object, java.lang.Object, java.lang.Object)'> (0x0000000088d90f68) 
thrown [s\src\hotspot\share\interpreter\linkResolver.cpp, line 759]
Event: 1.472 Thread 0x0000018d44fdea20 Exception <a 'java/lang/NoSuchMethodError'{0x0000000088d9ca28}: 'void java.lang.invoke.DirectMethodHandle$Holder.invokeStaticInit(java.lang.Object, java.lang.Object)'> (0x0000000088d9ca28) 
thrown [s\src\hotspot\share\interpreter\linkResolver.cpp, line 759]

VM Operations (20 events):
Event: 0.518 Executing VM operation: HandshakeAllThreads
Event: 0.518 Executing VM operation: HandshakeAllThreads done
Event: 0.601 Executing VM operation: HandshakeAllThreads
Event: 0.601 Executing VM operation: HandshakeAllThreads done
Event: 0.701 Executing VM operation: HandshakeAllThreads
Event: 0.701 Executing VM operation: HandshakeAllThreads done
Event: 0.765 Executing VM operation: HandshakeAllThreads
Event: 0.765 Executing VM operation: HandshakeAllThreads done
Event: 0.938 Executing VM operation: G1CollectForAllocation
Event: 0.945 Executing VM operation: G1CollectForAllocation done
Event: 1.247 Executing VM operation: HandshakeAllThreads
Event: 1.247 Executing VM operation: HandshakeAllThreads done
Event: 1.278 Executing VM operation: HandshakeAllThreads
Event: 1.278 Executing VM operation: HandshakeAllThreads done
Event: 1.332 Executing VM operation: HandshakeAllThreads
Event: 1.332 Executing VM operation: HandshakeAllThreads done
Event: 1.353 Executing VM operation: HandshakeAllThreads
Event: 1.353 Executing VM operation: HandshakeAllThreads done
Event: 1.371 Executing VM operation: HandshakeAllThreads
Event: 1.371 Executing VM operation: HandshakeAllThreads done

Events (20 events):
Event: 1.504 loading class sun/security/ssl/AbstractTrustManagerWrapper
Event: 1.504 loading class sun/security/ssl/AbstractTrustManagerWrapper done
Event: 1.510 loading class javax/net/ssl/SSLSocket
Event: 1.510 loading class javax/net/ssl/SSLSocket done
Event: 1.510 loading class javax/net/ssl/SSLHandshakeException
Event: 1.510 loading class javax/net/ssl/SSLException
Event: 1.510 loading class javax/net/ssl/SSLException done
Event: 1.510 loading class javax/net/ssl/SSLHandshakeException done
Event: 1.511 loading class sun/security/ssl/SSLSocketFactoryImpl
Event: 1.511 loading class javax/net/ssl/SSLSocketFactory
Event: 1.511 loading class javax/net/SocketFactory
Event: 1.511 loading class javax/net/SocketFactory done
Event: 1.511 loading class javax/net/ssl/SSLSocketFactory done
Event: 1.511 loading class sun/security/ssl/SSLSocketFactoryImpl done
Event: 1.513 loading class javax/net/ssl/SSLPeerUnverifiedException
Event: 1.513 loading class javax/net/ssl/SSLPeerUnverifiedException done
Event: 1.529 loading class java/util/concurrent/TimeoutException
Event: 1.529 loading class java/util/concurrent/TimeoutException done
Event: 1.554 loading class java/util/zip/GZIPInputStream
Event: 1.555 loading class java/util/zip/GZIPInputStream done


Dynamic libraries:
0x00007ff7a46b0000 - 0x00007ff7a46be000 	D:\eclipse-jee-2023-06-R-win32-x86_64\eclipse\plugins\org.eclipse.justj.openjdk.hotspot.jre.full.win32.x86_64_17.0.7.v20230425-1502\jre\bin\javaw.exe
0x00007ffe88690000 - 0x00007ffe88888000 	C:\WINDOWS\SYSTEM32\ntdll.dll
0x00007ffe87050000 - 0x00007ffe8710d000 	C:\WINDOWS\System32\KERNEL32.DLL
0x00007ffe86070000 - 0x00007ffe86366000 	C:\WINDOWS\System32\KERNELBASE.dll
0x00007ffe865c0000 - 0x00007ffe866c0000 	C:\WINDOWS\System32\ucrtbase.dll
0x00007ffe7adc0000 - 0x00007ffe7add7000 	D:\eclipse-jee-2023-06-R-win32-x86_64\eclipse\plugins\org.eclipse.justj.openjdk.hotspot.jre.full.win32.x86_64_17.0.7.v20230425-1502\jre\bin\jli.dll
0x00007ffe86d00000 - 0x00007ffe86e9f000 	C:\WINDOWS\System32\USER32.dll
0x00007ffe678c0000 - 0x00007ffe67b5a000 	C:\WINDOWS\WinSxS\amd64_microsoft.windows.common-controls_6595b64144ccf1df_6.0.19041.4355_none_60b8b9eb71f62e16\COMCTL32.dll
0x00007ffe85ee0000 - 0x00007ffe85f02000 	C:\WINDOWS\System32\win32u.dll
0x00007ffe87870000 - 0x00007ffe8789b000 	C:\WINDOWS\System32\GDI32.dll
0x00007ffe87390000 - 0x00007ffe8742e000 	C:\WINDOWS\System32\msvcrt.dll
0x00007ffe86420000 - 0x00007ffe86537000 	C:\WINDOWS\System32\gdi32full.dll
0x00007ffe85e40000 - 0x00007ffe85edd000 	C:\WINDOWS\System32\msvcp_win.dll
0x00007ffe62990000 - 0x00007ffe629a9000 	D:\eclipse-jee-2023-06-R-win32-x86_64\eclipse\plugins\org.eclipse.justj.openjdk.hotspot.jre.full.win32.x86_64_17.0.7.v20230425-1502\jre\bin\VCRUNTIME140.dll
0x00007ffe87290000 - 0x00007ffe872c2000 	C:\WINDOWS\System32\IMM32.DLL
0x00007ffe7ad50000 - 0x00007ffe7ad5c000 	D:\eclipse-jee-2023-06-R-win32-x86_64\eclipse\plugins\org.eclipse.justj.openjdk.hotspot.jre.full.win32.x86_64_17.0.7.v20230425-1502\jre\bin\vcruntime140_1.dll
0x00007ffe54380000 - 0x00007ffe54411000 	D:\eclipse-jee-2023-06-R-win32-x86_64\eclipse\plugins\org.eclipse.justj.openjdk.hotspot.jre.full.win32.x86_64_17.0.7.v20230425-1502\jre\bin\msvcp140.dll
0x00007ffe41ac0000 - 0x00007ffe42708000 	D:\eclipse-jee-2023-06-R-win32-x86_64\eclipse\plugins\org.eclipse.justj.openjdk.hotspot.jre.full.win32.x86_64_17.0.7.v20230425-1502\jre\bin\server\jvm.dll
0x00007ffe86bf0000 - 0x00007ffe86ca0000 	C:\WINDOWS\System32\ADVAPI32.dll
0x00007ffe872d0000 - 0x00007ffe87370000 	C:\WINDOWS\System32\sechost.dll
0x00007ffe866c0000 - 0x00007ffe867e3000 	C:\WINDOWS\System32\RPCRT4.dll
0x00007ffe86540000 - 0x00007ffe86567000 	C:\WINDOWS\System32\bcrypt.dll
0x00007ffe7adb0000 - 0x00007ffe7adb9000 	C:\WINDOWS\SYSTEM32\WSOCK32.dll
0x00007ffe6a450000 - 0x00007ffe6a477000 	C:\WINDOWS\SYSTEM32\WINMM.dll
0x00007ffe78fd0000 - 0x00007ffe78fda000 	C:\WINDOWS\SYSTEM32\VERSION.dll
0x00007ffe877a0000 - 0x00007ffe8780b000 	C:\WINDOWS\System32\WS2_32.dll
0x00007ffe83c10000 - 0x00007ffe83c22000 	C:\WINDOWS\SYSTEM32\kernel.appcore.dll
0x00007ffe7ada0000 - 0x00007ffe7adaa000 	D:\eclipse-jee-2023-06-R-win32-x86_64\eclipse\plugins\org.eclipse.justj.openjdk.hotspot.jre.full.win32.x86_64_17.0.7.v20230425-1502\jre\bin\jimage.dll
0x00007ffe83450000 - 0x00007ffe83634000 	C:\WINDOWS\SYSTEM32\DBGHELP.DLL
0x00007ffe5daa0000 - 0x00007ffe5dad4000 	C:\WINDOWS\SYSTEM32\dbgcore.DLL
0x00007ffe85db0000 - 0x00007ffe85e32000 	C:\WINDOWS\System32\bcryptPrimitives.dll
0x00007ffe61da0000 - 0x00007ffe61dc5000 	D:\eclipse-jee-2023-06-R-win32-x86_64\eclipse\plugins\org.eclipse.justj.openjdk.hotspot.jre.full.win32.x86_64_17.0.7.v20230425-1502\jre\bin\java.dll
0x00007ffe78190000 - 0x00007ffe781a8000 	D:\eclipse-jee-2023-06-R-win32-x86_64\eclipse\plugins\org.eclipse.justj.openjdk.hotspot.jre.full.win32.x86_64_17.0.7.v20230425-1502\jre\bin\zip.dll
0x00007ffe87da0000 - 0x00007ffe8850b000 	C:\WINDOWS\System32\SHELL32.dll
0x00007ffe83d80000 - 0x00007ffe8451d000 	C:\WINDOWS\SYSTEM32\windows.storage.dll
0x00007ffe87440000 - 0x00007ffe87793000 	C:\WINDOWS\System32\combase.dll
0x00007ffe85680000 - 0x00007ffe856ae000 	C:\WINDOWS\SYSTEM32\Wldp.dll
0x00007ffe88570000 - 0x00007ffe8863d000 	C:\WINDOWS\System32\OLEAUT32.dll
0x00007ffe86960000 - 0x00007ffe86a0d000 	C:\WINDOWS\System32\SHCORE.dll
0x00007ffe87810000 - 0x00007ffe87865000 	C:\WINDOWS\System32\shlwapi.dll
0x00007ffe85c70000 - 0x00007ffe85c94000 	C:\WINDOWS\SYSTEM32\profapi.dll
0x00007ffe77ad0000 - 0x00007ffe77ae9000 	D:\eclipse-jee-2023-06-R-win32-x86_64\eclipse\plugins\org.eclipse.justj.openjdk.hotspot.jre.full.win32.x86_64_17.0.7.v20230425-1502\jre\bin\net.dll
0x00007ffe7be30000 - 0x00007ffe7bf3a000 	C:\WINDOWS\SYSTEM32\WINHTTP.dll
0x00007ffe85460000 - 0x00007ffe854ca000 	C:\WINDOWS\system32\mswsock.dll
0x00007ffe6c8b0000 - 0x00007ffe6c8c5000 	D:\eclipse-jee-2023-06-R-win32-x86_64\eclipse\plugins\org.eclipse.justj.openjdk.hotspot.jre.full.win32.x86_64_17.0.7.v20230425-1502\jre\bin\nio.dll
0x00007ffe85150000 - 0x00007ffe8521b000 	C:\WINDOWS\SYSTEM32\DNSAPI.dll
0x00007ffe85110000 - 0x00007ffe8514b000 	C:\WINDOWS\SYSTEM32\IPHLPAPI.DLL
0x00007ffe87d90000 - 0x00007ffe87d98000 	C:\WINDOWS\System32\NSI.dll
0x00007ffe702d0000 - 0x00007ffe702da000 	C:\Windows\System32\rasadhlp.dll
0x00007ffe77c10000 - 0x00007ffe77c90000 	C:\WINDOWS\System32\fwpuclnt.dll
0x00007ffe856c0000 - 0x00007ffe856d8000 	C:\WINDOWS\SYSTEM32\CRYPTSP.dll
0x00007ffe84d30000 - 0x00007ffe84d64000 	C:\WINDOWS\system32\rsaenh.dll
0x00007ffe85be0000 - 0x00007ffe85c0e000 	C:\WINDOWS\SYSTEM32\USERENV.dll
0x00007ffe855f0000 - 0x00007ffe855fc000 	C:\WINDOWS\SYSTEM32\CRYPTBASE.dll
0x00007ffe7a310000 - 0x00007ffe7a327000 	C:\WINDOWS\SYSTEM32\dhcpcsvc6.DLL
0x00007ffe7b030000 - 0x00007ffe7b04d000 	C:\WINDOWS\SYSTEM32\dhcpcsvc.DLL
0x00007ffe7ac40000 - 0x00007ffe7ac4e000 	D:\eclipse-jee-2023-06-R-win32-x86_64\eclipse\plugins\org.eclipse.justj.openjdk.hotspot.jre.full.win32.x86_64_17.0.7.v20230425-1502\jre\bin\sunmscapi.dll
0x00007ffe85f10000 - 0x00007ffe8606e000 	C:\WINDOWS\System32\CRYPT32.dll
0x00007ffe857d0000 - 0x00007ffe857f9000 	C:\WINDOWS\SYSTEM32\ncrypt.dll
0x00007ffe85790000 - 0x00007ffe857cb000 	C:\WINDOWS\SYSTEM32\NTASN1.dll
0x00007ffe7acb0000 - 0x00007ffe7acc0000 	D:\eclipse-jee-2023-06-R-win32-x86_64\eclipse\plugins\org.eclipse.justj.openjdk.hotspot.jre.full.win32.x86_64_17.0.7.v20230425-1502\jre\bin\verify.dll

dbghelp: loaded successfully - version: 4.0.5 - missing functions: none
symbol engine: initialized successfully - sym options: 0x614 - pdb path: .;D:\eclipse-jee-2023-06-R-win32-x86_64\eclipse\plugins\org.eclipse.justj.openjdk.hotspot.jre.full.win32.x86_64_17.0.7.v20230425-1502\jre\bin;C:\WINDOWS\SYSTEM32;C:\WINDOWS\WinSxS\amd64_microsoft.windows.common-controls_6595b64144ccf1df_6.0.19041.4355_none_60b8b9eb71f62e16;D:\eclipse-jee-2023-06-R-win32-x86_64\eclipse\plugins\org.eclipse.justj.openjdk.hotspot.jre.full.win32.x86_64_17.0.7.v20230425-1502\jre\bin\server

VM Arguments:
jvm_args: -ea -Dfile.encoding=UTF-8 -XX:+ShowCodeDetailsInExceptionMessages 
java_command: org.testng.remote.RemoteTestNG -serport 4346 -protocol json -d D:\cabtmDashboardAutomation\testSelenium\test-output C:\Users\USER\AppData\Local\Temp\testng-eclipse-1219686528\testng-customsuite.xml
java_class_path (initial): D:\eclipse-jee-2023-06-R-win32-x86_64\eclipse\configuration\org.eclipse.osgi\979\0\.cp\lib\testng-remote.jar;D:\cabtmDashboardAutomation\testSelenium\target\test-classes;D:\cabtmDashboardAutomation\testSelenium\target\classes;D:\eclipse-jee-2023-06-R-win32-x86_64\eclipse\plugins\org.testng_7.8.0.r202306071539.jar;D:\eclipse-jee-2023-06-R-win32-x86_64\eclipse\plugins\com.beust.jcommander_1.82.0.jar;D:\eclipse-jee-2023-06-R-win32-x86_64\eclipse\plugins\org.apache-extras.beanshell.bsh_2.0.0.b6.jar;D:\eclipse-jee-2023-06-R-win32-x86_64\eclipse\plugins\org.yaml.snakeyaml_1.27.0.v20221112-0806.jar;D:\eclipse-jee-2023-06-R-win32-x86_64\eclipse\plugins\org.webjars.jquery_3.6.1.jar;C:\Users\USER\.m2\repository\org\seleniumhq\selenium\selenium-java\4.19.1\selenium-java-4.19.1.jar;C:\Users\USER\.m2\repository\org\seleniumhq\selenium\selenium-api\4.19.1\selenium-api-4.19.1.jar;C:\Users\USER\.m2\repository\org\seleniumhq\selenium\selenium-chrome-driver\4.19.1\selenium-chrome-driver-4.19.1.jar;C:\Users\USER\.m2\repository\com\google\auto\service\auto-service-annotations\1.1.1\auto-service-annotations-1.1.1.jar;C:\Users\USER\.m2\repository\org\seleniumhq\selenium\selenium-chromium-driver\4.19.1\selenium-chromium-driver-4.19.1.jar;C:\Users\USER\.m2\repository\org\seleniumhq\selenium\selenium-json\4.19.1\selenium-json-4.19.1.jar;C:\Users\USER\.m2\repository\org\seleniumhq\selenium\selenium-manager\4.19.1\selenium-manager-4.19.1.jar;C:\Users\USER\.m2\repository\org\seleniumhq\selenium\selenium-devtools-v121\4.19.1\selenium-devtools-v121-4.19.1.jar;C:\Users\USER\.m2\repository\org\seleniumhq\selenium\selenium-devtools-v122\4.19.1\selenium-devtools-v122-4.19.1.jar;C:\Users\USER\.m2\repository\org\seleniumhq\selenium\selenium-devtools-v123\4.19.1\selenium-devtools-v123-4.19.1.jar;C:\Users\USER\.m2\repository\org\seleniumhq\selenium\selenium-devtools-v85\4.19.1\selenium-devtools-v85-4.19.1.jar;C:\Users\USER\.m2\repository\org\seleniumhq\selenium\selenium-edge
Launcher Type: SUN_STANDARD

[Global flags]
     intx CICompilerCount                          = 4                                         {product} {ergonomic}
     uint ConcGCThreads                            = 2                                         {product} {ergonomic}
     uint G1ConcRefinementThreads                  = 8                                         {product} {ergonomic}
   size_t G1HeapRegionSize                         = 1048576                                   {product} {ergonomic}
    uintx GCDrainStackTargetSize                   = 64                                        {product} {ergonomic}
   size_t InitialHeapSize                          = 134217728                                 {product} {ergonomic}
   size_t MarkStackSize                            = 4194304                                   {product} {ergonomic}
   size_t MaxHeapSize                              = 2116026368                                {product} {ergonomic}
   size_t MaxNewSize                               = 1268776960                                {product} {ergonomic}
   size_t MinHeapDeltaBytes                        = 1048576                                   {product} {ergonomic}
   size_t MinHeapSize                              = 8388608                                   {product} {ergonomic}
    uintx NonNMethodCodeHeapSize                   = 5839372                                {pd product} {ergonomic}
    uintx NonProfiledCodeHeapSize                  = 122909434                              {pd product} {ergonomic}
    uintx ProfiledCodeHeapSize                     = 122909434                              {pd product} {ergonomic}
    uintx ReservedCodeCacheSize                    = 251658240                              {pd product} {ergonomic}
     bool SegmentedCodeCache                       = true                                      {product} {ergonomic}
     bool ShowCodeDetailsInExceptionMessages       = true                                   {manageable} {command line}
   size_t SoftMaxHeapSize                          = 2116026368                             {manageable} {ergonomic}
     bool UseCompressedClassPointers               = true                           {product lp64_product} {ergonomic}
     bool UseCompressedOops                        = true                           {product lp64_product} {ergonomic}
     bool UseG1GC                                  = true                                      {product} {ergonomic}
     bool UseLargePagesIndividualAllocation        = false                                  {pd product} {ergonomic}

Logging:
Log output configuration:
 #0: stdout all=warning uptime,level,tags
 #1: stderr all=off uptime,level,tags

Environment Variables:
JAVA_HOME=C:\Java\jdk1.8.0_271
PATH=D:/eclipse-jee-2023-06-R-win32-x86_64/eclipse//plugins/org.eclipse.justj.openjdk.hotspot.jre.full.win32.x86_64_17.0.7.v20230425-1502/jre/bin/server;D:/eclipse-jee-2023-06-R-win32-x86_64/eclipse//plugins/org.eclipse.justj.openjdk.hotspot.jre.full.win32.x86_64_17.0.7.v20230425-1502/jre/bin;C:\Program Files\Android\Android Studio\bin;C:\Python312\;E:\python3.10.0\Scripts\;E:\python3.10.0\;C:\Program Files\Common Files\Oracle\Java\javapath;C:\Program Files (x86)\Common Files\Oracle\Java\javapath;C:\Windows\System32;C:\Windows;C:\Windows\System32\wbem;C:\Windows\System32\WindowsPowerShell\v1.0\;C:\Windows\System32\OpenSSH\;C:\Program Files (x86)\Intel\Intel(R) Management Engine Components\DAL;C:\Program Files\Intel\Intel(R) Management Engine Components\DAL;sdk;C:\Program Files\Git\cmd;C:\Program Files\Git\mingw64\bin;C:\Program Files\Git\usr\bin;C:\ProgramData\chocolatey\bin;C:\Program Files\OpenJDK\openjdk-8u292-b10\bin;apache-maven-3.8.8-bin\apache-maven-3.8.8\bin;E:\python3.10;E:\python3.10\Scripts;C:\Program Files\nodejs\node_modules\npm\bin;D:\sdk\tools;D:\sdk\tools\bin;D:\nvm;D:\;C:\Java\jdk1.8.0_271\bin;D:\cabtmDashboardAutomation\testAutomation\drivers\IEDriverServer.exe;D:\cabtmDashboardAutomation\testSelenium\target\opencv\build\java\x64;D:\sdk\platform-tools;D:\sdk\tools;D:\sdk\build-tools;C:\Users\USER\AppData\Local\Microsoft\WindowsApps;flutter\bin;sdk\platform-tools;C:\Users\USER\AppData\Local\Android\Sdk\platform-tools;C:\Users\USER\AppData\Roaming\npm;D:\nvm;D:\;D:\eclipse-jee-2023-06-R-win32-x86_64\eclipse;
USERNAME=USER
OS=Windows_NT
PROCESSOR_IDENTIFIER=Intel64 Family 6 Model 142 Stepping 11, GenuineIntel
TMP=C:\Users\USER\AppData\Local\Temp
TEMP=C:\Users\USER\AppData\Local\Temp



---------------  S Y S T E M  ---------------

OS:
 Windows 10 , 64 bit Build 19041 (10.0.19041.3636)
OS uptime: 3 days 6:52 hours
Hyper-V role detected

CPU: total 8 (initial active 8) (4 cores per cpu, 2 threads per core) family 6 model 142 stepping 11 microcode 0xf4, cx8, cmov, fxsr, ht, mmx, 3dnowpref, sse, sse2, sse3, ssse3, sse4.1, sse4.2, popcnt, lzcnt, tsc, tscinvbit, avx, avx2, aes, erms, clmul, bmi1, bmi2, adx, fma, vzeroupper, clflush, clflushopt, hv

Memory: 4k page, system-wide physical 8064M (1095M free)
TotalPageFile size 23140M (AvailPageFile size 3M)
current process WorkingSet (physical memory assigned to process): 147M, peak: 148M
current process commit charge ("private bytes"): 280M, peak: 280M

vm_info: OpenJDK 64-Bit Server VM (17.0.7+7) for windows-amd64 JRE (17.0.7+7), built on Apr 18 2023 22:10:42 by "temurin" with MS VC++ 16.7 (VS2019)

END.
